build/app/intermediates/manifest_merge_blame_file/debug/manifest-merger-blame-debug-report.txt
1<?xml version="1.0" encoding="utf-8"?>
2<manifest xmlns:android="http://schemas.android.com/apk/res/android"
3    package="com.application.NammudeVipani"
4    android:versionCode="17"
5    android:versionName="2" >
6
7    <uses-sdk
8        android:minSdkVersion="21"
9        android:targetSdkVersion="30" />
10    <!--
11         Flutter needs it to communicate with the running application
12         to allow setting breakpoints, to provide hot reload, etc.
13    -->
14    <uses-permission android:name="android.permission.INTERNET" />
14-->src/main/AndroidManifest.xml:36:5-66
14-->src/main/AndroidManifest.xml:36:22-64
15    <uses-permission android:name="android.permission.FOREGROUND_SERVICE" />
15-->src/main/AndroidManifest.xml:3:5-77
15-->src/main/AndroidManifest.xml:3:22-74
16    <uses-permission android:name="android.permission.ACCESS_FINE_LOCATION" />
16-->src/main/AndroidManifest.xml:37:5-79
16-->src/main/AndroidManifest.xml:37:22-76
17    <uses-permission android:name="android.permission.ACCESS_COARSE_LOCATION" />
17-->src/main/AndroidManifest.xml:38:5-81
17-->src/main/AndroidManifest.xml:38:22-78
18    <uses-permission android:name="android.permission.ACCESS_NETWORK_STATE" />
18-->[:firebase_analytics] AndroidManifest.xml:7:5-79
18-->[:firebase_analytics] AndroidManifest.xml:7:22-76
19    <uses-permission android:name="android.permission.WAKE_LOCK" /> <!-- Required by older versions of Google Play services to create IID tokens -->
19-->[:firebase_analytics] AndroidManifest.xml:9:5-68
19-->[:firebase_analytics] AndroidManifest.xml:9:22-65
20    <uses-permission android:name="com.google.android.c2dm.permission.RECEIVE" />
20-->[com.google.firebase:firebase-messaging:22.0.0] AndroidManifest.xml:25:5-82
20-->[com.google.firebase:firebase-messaging:22.0.0] AndroidManifest.xml:25:22-79
21    <uses-permission android:name="com.google.android.finsky.permission.BIND_GET_INSTALL_REFERRER_SERVICE" /> <!-- <uses-permission android:name="android.permission.ACCESS_BACKGROUND_LOCATION"/> -->
21-->[com.google.android.gms:play-services-measurement:19.0.2] AndroidManifest.xml:26:5-110
21-->[com.google.android.gms:play-services-measurement:19.0.2] AndroidManifest.xml:26:22-107
22    <!--
23 io.flutter.app.FlutterApplication is an android.app.Application that
24         calls FlutterMain.startInitialization(this); in its onCreate method.
25         In most cases you can leave this as-is, but you if you want to provide
26         additional functionality it is fine to subclass or reimplement
27         FlutterApplication and put your custom class here.
28    -->
29    <application
29-->src/main/AndroidManifest.xml:10:5-35:19
30        android:name="io.flutter.app.FlutterApplication"
30-->src/main/AndroidManifest.xml:11:9-57
31        android:appComponentFactory="androidx.core.app.CoreComponentFactory"
31-->[androidx.core:core:1.6.0] AndroidManifest.xml:24:18-86
32        android:debuggable="true"
33        android:icon="@mipmap/ic_launcher"
33-->src/main/AndroidManifest.xml:13:9-43
34        android:label="Nammude Vipani" >
34-->src/main/AndroidManifest.xml:12:9-39
35        <activity
35-->src/main/AndroidManifest.xml:14:9-29:20
36            android:name="com.application.NammudeVipani.MainActivity"
36-->src/main/AndroidManifest.xml:15:13-41
37            android:configChanges="orientation|keyboardHidden|keyboard|screenSize|smallestScreenSize|locale|layoutDirection|fontScale|screenLayout|density|uiMode"
37-->src/main/AndroidManifest.xml:18:13-163
38            android:hardwareAccelerated="true"
38-->src/main/AndroidManifest.xml:19:13-47
39            android:launchMode="singleTop"
39-->src/main/AndroidManifest.xml:16:13-43
40            android:theme="@style/LaunchTheme"
40-->src/main/AndroidManifest.xml:17:13-47
41            android:windowSoftInputMode="adjustResize" >
41-->src/main/AndroidManifest.xml:20:13-55
42            <intent-filter>
42-->src/main/AndroidManifest.xml:21:13-24:29
43                <action android:name="android.intent.action.MAIN" />
43-->src/main/AndroidManifest.xml:22:17-68
43-->src/main/AndroidManifest.xml:22:25-66
44
45                <category android:name="android.intent.category.LAUNCHER" />
45-->src/main/AndroidManifest.xml:23:17-76
45-->src/main/AndroidManifest.xml:23:27-74
46            </intent-filter>
47            <intent-filter>
47-->src/main/AndroidManifest.xml:25:13-28:29
48                <action android:name="FLUTTER_NOTIFICATION_CLICK" />
48-->src/main/AndroidManifest.xml:26:17-69
48-->src/main/AndroidManifest.xml:26:25-66
49
50                <category android:name="android.intent.category.DEFAULT" />
50-->src/main/AndroidManifest.xml:27:17-76
50-->src/main/AndroidManifest.xml:27:27-73
51            </intent-filter>
52        </activity>
53        <!--
54             Don't delete the meta-data below.
55             This is used by the Flutter tool to generate GeneratedPluginRegistrant.java
56        -->
57        <meta-data
57-->src/main/AndroidManifest.xml:32:9-34:33
58            android:name="flutterEmbedding"
58-->src/main/AndroidManifest.xml:33:13-44
59            android:value="2" />
59-->src/main/AndroidManifest.xml:34:13-30
60
61        <activity
61-->[:flutter_paystack] AndroidManifest.xml:10:9-12:54
62            android:name="co.paystack.flutterpaystack.AuthActivity"
62-->[:flutter_paystack] AndroidManifest.xml:11:13-68
63            android:theme="@style/Paystack.Dialog" />
63-->[:flutter_paystack] AndroidManifest.xml:12:13-51
64
65        <service
65-->[:firebase_analytics] AndroidManifest.xml:12:9-16:19
66            android:name="com.google.firebase.components.ComponentDiscoveryService"
66-->[:firebase_analytics] AndroidManifest.xml:12:18-89
67            android:directBootAware="true"
67-->[com.google.firebase:firebase-common:20.0.0] AndroidManifest.xml:35:13-43
68            android:exported="false" >
68-->[com.google.firebase:firebase-messaging:22.0.0] AndroidManifest.xml:51:13-37
69            <meta-data
69-->[:firebase_analytics] AndroidManifest.xml:13:13-15:85
70                android:name="com.google.firebase.components:io.flutter.plugins.firebaseanalytics.FlutterFirebaseAppRegistrar"
70-->[:firebase_analytics] AndroidManifest.xml:14:17-127
71                android:value="com.google.firebase.components.ComponentRegistrar" />
71-->[:firebase_analytics] AndroidManifest.xml:15:17-82
72            <meta-data
72-->[:firebase_auth] AndroidManifest.xml:9:13-11:85
73                android:name="com.google.firebase.components:io.flutter.plugins.firebase.auth.FlutterFirebaseAuthRegistrar"
73-->[:firebase_auth] AndroidManifest.xml:10:17-124
74                android:value="com.google.firebase.components.ComponentRegistrar" />
74-->[:firebase_auth] AndroidManifest.xml:11:17-82
75            <meta-data
75-->[:firebase_messaging] AndroidManifest.xml:34:13-36:85
76                android:name="com.google.firebase.components:io.flutter.plugins.firebase.messaging.FlutterFirebaseAppRegistrar"
76-->[:firebase_messaging] AndroidManifest.xml:35:17-128
77                android:value="com.google.firebase.components.ComponentRegistrar" />
77-->[:firebase_messaging] AndroidManifest.xml:36:17-82
78            <meta-data
78-->[:firebase_core] AndroidManifest.xml:9:13-11:85
79                android:name="com.google.firebase.components:io.flutter.plugins.firebase.core.FlutterFirebaseCoreRegistrar"
79-->[:firebase_core] AndroidManifest.xml:10:17-124
80                android:value="com.google.firebase.components.ComponentRegistrar" />
80-->[:firebase_core] AndroidManifest.xml:11:17-82
81            <meta-data
81-->[com.google.firebase:firebase-messaging:22.0.0] AndroidManifest.xml:52:13-54:85
82                android:name="com.google.firebase.components:com.google.firebase.messaging.FirebaseMessagingRegistrar"
82-->[com.google.firebase:firebase-messaging:22.0.0] AndroidManifest.xml:53:17-119
83                android:value="com.google.firebase.components.ComponentRegistrar" />
83-->[com.google.firebase:firebase-messaging:22.0.0] AndroidManifest.xml:54:17-82
84            <meta-data
84-->[com.google.firebase:firebase-datatransport:18.0.0] AndroidManifest.xml:28:13-30:85
85                android:name="com.google.firebase.components:com.google.firebase.datatransport.TransportRegistrar"
85-->[com.google.firebase:firebase-datatransport:18.0.0] AndroidManifest.xml:29:17-115
86                android:value="com.google.firebase.components.ComponentRegistrar" />
86-->[com.google.firebase:firebase-datatransport:18.0.0] AndroidManifest.xml:30:17-82
87            <meta-data
87-->[com.google.firebase:firebase-auth:21.0.1] AndroidManifest.xml:77:13-79:85
88                android:name="com.google.firebase.components:com.google.firebase.auth.FirebaseAuthRegistrar"
88-->[com.google.firebase:firebase-auth:21.0.1] AndroidManifest.xml:78:17-109
89                android:value="com.google.firebase.components.ComponentRegistrar" />
89-->[com.google.firebase:firebase-auth:21.0.1] AndroidManifest.xml:79:17-82
90            <meta-data
90-->[com.google.android.gms:play-services-measurement-api:19.0.2] AndroidManifest.xml:30:13-32:85
91                android:name="com.google.firebase.components:com.google.firebase.analytics.connector.internal.AnalyticsConnectorRegistrar"
91-->[com.google.android.gms:play-services-measurement-api:19.0.2] AndroidManifest.xml:31:17-139
92                android:value="com.google.firebase.components.ComponentRegistrar" />
92-->[com.google.android.gms:play-services-measurement-api:19.0.2] AndroidManifest.xml:32:17-82
93            <meta-data
93-->[com.google.firebase:firebase-installations:17.0.0] AndroidManifest.xml:18:13-20:85
94                android:name="com.google.firebase.components:com.google.firebase.installations.FirebaseInstallationsRegistrar"
94-->[com.google.firebase:firebase-installations:17.0.0] AndroidManifest.xml:19:17-127
95                android:value="com.google.firebase.components.ComponentRegistrar" />
95-->[com.google.firebase:firebase-installations:17.0.0] AndroidManifest.xml:20:17-82
96        </service>
97        <service
97-->[:firebase_messaging] AndroidManifest.xml:12:9-15:72
98            android:name="io.flutter.plugins.firebase.messaging.FlutterFirebaseMessagingBackgroundService"
98-->[:firebase_messaging] AndroidManifest.xml:13:13-107
99            android:exported="false"
99-->[:firebase_messaging] AndroidManifest.xml:14:13-37
100            android:permission="android.permission.BIND_JOB_SERVICE" />
100-->[:firebase_messaging] AndroidManifest.xml:15:13-69
101        <service
101-->[:firebase_messaging] AndroidManifest.xml:16:9-22:19
102            android:name="io.flutter.plugins.firebase.messaging.FlutterFirebaseMessagingService"
102-->[:firebase_messaging] AndroidManifest.xml:17:13-97
103            android:exported="false" >
103-->[:firebase_messaging] AndroidManifest.xml:18:13-37
104            <intent-filter>
104-->[:firebase_messaging] AndroidManifest.xml:19:13-21:29
105                <action android:name="com.google.firebase.MESSAGING_EVENT" />
105-->[:firebase_messaging] AndroidManifest.xml:20:17-78
105-->[:firebase_messaging] AndroidManifest.xml:20:25-75
106            </intent-filter>
107        </service>
108
109        <receiver
109-->[:firebase_messaging] AndroidManifest.xml:24:9-31:20
110            android:name="io.flutter.plugins.firebase.messaging.FlutterFirebaseMessagingReceiver"
110-->[:firebase_messaging] AndroidManifest.xml:25:13-98
111            android:exported="true"
111-->[:firebase_messaging] AndroidManifest.xml:26:13-36
112            android:permission="com.google.android.c2dm.permission.SEND" >
112-->[:firebase_messaging] AndroidManifest.xml:27:13-73
113            <intent-filter>
113-->[:firebase_messaging] AndroidManifest.xml:28:13-30:29
114                <action android:name="com.google.android.c2dm.intent.RECEIVE" />
114-->[:firebase_messaging] AndroidManifest.xml:29:17-81
114-->[:firebase_messaging] AndroidManifest.xml:29:25-78
115            </intent-filter>
116        </receiver>
117
118        <provider
118-->[:firebase_messaging] AndroidManifest.xml:39:9-43:38
119            android:name="io.flutter.plugins.firebase.messaging.FlutterFirebaseMessagingInitProvider"
119-->[:firebase_messaging] AndroidManifest.xml:40:13-102
120            android:authorities="com.application.NammudeVipani.flutterfirebasemessaginginitprovider"
120-->[:firebase_messaging] AndroidManifest.xml:41:13-88
121            android:exported="false"
121-->[:firebase_messaging] AndroidManifest.xml:42:13-37
122            android:initOrder="99" />
122-->[:firebase_messaging] AndroidManifest.xml:43:13-35
123        <provider
123-->[:image_picker] AndroidManifest.xml:8:9-16:20
124            android:name="io.flutter.plugins.imagepicker.ImagePickerFileProvider"
124-->[:image_picker] AndroidManifest.xml:9:13-82
125            android:authorities="com.application.NammudeVipani.flutter.image_provider"
125-->[:image_picker] AndroidManifest.xml:10:13-74
126            android:exported="false"
126-->[:image_picker] AndroidManifest.xml:11:13-37
127            android:grantUriPermissions="true" >
127-->[:image_picker] AndroidManifest.xml:12:13-47
128            <meta-data
128-->[:image_picker] AndroidManifest.xml:13:13-15:75
129                android:name="android.support.FILE_PROVIDER_PATHS"
129-->[:image_picker] AndroidManifest.xml:14:17-67
130                android:resource="@xml/flutter_image_picker_file_paths" />
130-->[:image_picker] AndroidManifest.xml:15:17-72
131        </provider>
132
133        <activity
133-->[:url_launcher] AndroidManifest.xml:8:9-11:74
134            android:name="io.flutter.plugins.urllauncher.WebViewActivity"
134-->[:url_launcher] AndroidManifest.xml:9:13-74
135            android:exported="false"
135-->[:url_launcher] AndroidManifest.xml:10:13-37
136            android:theme="@android:style/Theme.NoTitleBar.Fullscreen" />
136-->[:url_launcher] AndroidManifest.xml:11:13-71
137        <activity
137-->[:razorpay_flutter] AndroidManifest.xml:8:9-11:20
138            android:name="com.razorpay.CheckoutActivity"
138-->[:razorpay_flutter] AndroidManifest.xml:9:13-57
139            android:configChanges="keyboard|keyboardHidden|orientation|screenSize"
139-->[com.razorpay:checkout:1.6.10] AndroidManifest.xml:20:13-83
140            android:label="Razorpay Checkout"
140-->[:razorpay_flutter] AndroidManifest.xml:10:13-46
141            android:theme="@style/CheckoutTheme" >
141-->[com.razorpay:checkout:1.6.10] AndroidManifest.xml:21:13-49
142            <intent-filter>
142-->[com.razorpay:checkout:1.6.10] AndroidManifest.xml:22:13-28:29
143                <action android:name="android.intent.action.MAIN" />
143-->src/main/AndroidManifest.xml:22:17-68
143-->src/main/AndroidManifest.xml:22:25-66
144
145                <data
145-->[com.google.firebase:firebase-auth:21.0.1] AndroidManifest.xml:39:17-42:51
146                    android:host="rzp.io"
146-->[com.google.firebase:firebase-auth:21.0.1] AndroidManifest.xml:40:21-49
147                    android:scheme="io.rzp" />
147-->[com.google.firebase:firebase-auth:21.0.1] AndroidManifest.xml:42:21-48
148            </intent-filter>
149        </activity>
150
151        <service
151-->[:location] AndroidManifest.xml:11:9-15:56
152            android:name="com.lyokone.location.FlutterLocationService"
152-->[:location] AndroidManifest.xml:12:13-71
153            android:enabled="true"
153-->[:location] AndroidManifest.xml:13:13-35
154            android:exported="false"
154-->[:location] AndroidManifest.xml:14:13-37
155            android:foregroundServiceType="location" />
155-->[:location] AndroidManifest.xml:15:13-53
156
157        <receiver
157-->[com.google.firebase:firebase-messaging:22.0.0] AndroidManifest.xml:28:9-35:20
158            android:name="com.google.firebase.iid.FirebaseInstanceIdReceiver"
158-->[com.google.firebase:firebase-messaging:22.0.0] AndroidManifest.xml:29:13-78
159            android:exported="true"
159-->[com.google.firebase:firebase-messaging:22.0.0] AndroidManifest.xml:30:13-36
160            android:permission="com.google.android.c2dm.permission.SEND" >
160-->[com.google.firebase:firebase-messaging:22.0.0] AndroidManifest.xml:31:13-73
161            <intent-filter>
161-->[:firebase_messaging] AndroidManifest.xml:28:13-30:29
162                <action android:name="com.google.android.c2dm.intent.RECEIVE" />
162-->[:firebase_messaging] AndroidManifest.xml:29:17-81
162-->[:firebase_messaging] AndroidManifest.xml:29:25-78
163            </intent-filter>
164        </receiver>
165        <!--
166             FirebaseMessagingService performs security checks at runtime,
167             but set to not exported to explicitly avoid allowing another app to call it.
168        -->
169        <service
169-->[com.google.firebase:firebase-messaging:22.0.0] AndroidManifest.xml:41:9-48:19
170            android:name="com.google.firebase.messaging.FirebaseMessagingService"
170-->[com.google.firebase:firebase-messaging:22.0.0] AndroidManifest.xml:42:13-82
171            android:directBootAware="true"
171-->[com.google.firebase:firebase-messaging:22.0.0] AndroidManifest.xml:43:13-43
172            android:exported="false" >
172-->[com.google.firebase:firebase-messaging:22.0.0] AndroidManifest.xml:44:13-37
173            <intent-filter android:priority="-500" >
173-->[:firebase_messaging] AndroidManifest.xml:19:13-21:29
174                <action android:name="com.google.firebase.MESSAGING_EVENT" />
174-->[:firebase_messaging] AndroidManifest.xml:20:17-78
174-->[:firebase_messaging] AndroidManifest.xml:20:25-75
175            </intent-filter>
176        </service>
177        <service
177-->[com.google.android.datatransport:transport-backend-cct:3.0.0] AndroidManifest.xml:29:9-35:19
178            android:name="com.google.android.datatransport.runtime.backends.TransportBackendDiscovery"
178-->[com.google.android.datatransport:transport-backend-cct:3.0.0] AndroidManifest.xml:30:13-103
179            android:exported="false" >
179-->[com.google.android.datatransport:transport-backend-cct:3.0.0] AndroidManifest.xml:31:13-37
180            <meta-data
180-->[com.google.android.datatransport:transport-backend-cct:3.0.0] AndroidManifest.xml:32:13-34:39
181                android:name="backend:com.google.android.datatransport.cct.CctBackendFactory"
181-->[com.google.android.datatransport:transport-backend-cct:3.0.0] AndroidManifest.xml:33:17-94
182                android:value="cct" />
182-->[com.google.android.datatransport:transport-backend-cct:3.0.0] AndroidManifest.xml:34:17-36
183        </service>
184
185        <activity
185-->[com.google.firebase:firebase-auth:21.0.1] AndroidManifest.xml:27:9-44:20
186            android:name="com.google.firebase.auth.internal.GenericIdpActivity"
186-->[com.google.firebase:firebase-auth:21.0.1] AndroidManifest.xml:28:13-80
187            android:excludeFromRecents="true"
187-->[com.google.firebase:firebase-auth:21.0.1] AndroidManifest.xml:29:13-46
188            android:exported="true"
188-->[com.google.firebase:firebase-auth:21.0.1] AndroidManifest.xml:30:13-36
189            android:launchMode="singleTask"
189-->[com.google.firebase:firebase-auth:21.0.1] AndroidManifest.xml:31:13-44
190            android:theme="@android:style/Theme.Translucent.NoTitleBar" >
190-->[com.google.firebase:firebase-auth:21.0.1] AndroidManifest.xml:32:13-72
191            <intent-filter>
191-->[com.google.firebase:firebase-auth:21.0.1] AndroidManifest.xml:33:13-43:29
192                <action android:name="android.intent.action.VIEW" />
192-->[com.google.firebase:firebase-auth:21.0.1] AndroidManifest.xml:34:17-69
192-->[com.google.firebase:firebase-auth:21.0.1] AndroidManifest.xml:34:25-66
193
194                <category android:name="android.intent.category.DEFAULT" />
194-->src/main/AndroidManifest.xml:27:17-76
194-->src/main/AndroidManifest.xml:27:27-73
195                <category android:name="android.intent.category.BROWSABLE" />
195-->[com.google.firebase:firebase-auth:21.0.1] AndroidManifest.xml:37:17-78
195-->[com.google.firebase:firebase-auth:21.0.1] AndroidManifest.xml:37:27-75
196
197                <data
197-->[com.google.firebase:firebase-auth:21.0.1] AndroidManifest.xml:39:17-42:51
198                    android:host="firebase.auth"
198-->[com.google.firebase:firebase-auth:21.0.1] AndroidManifest.xml:40:21-49
199                    android:path="/"
199-->[com.google.firebase:firebase-auth:21.0.1] AndroidManifest.xml:41:21-37
200                    android:scheme="genericidp" />
200-->[com.google.firebase:firebase-auth:21.0.1] AndroidManifest.xml:42:21-48
201            </intent-filter>
202        </activity>
203        <activity
203-->[com.google.firebase:firebase-auth:21.0.1] AndroidManifest.xml:45:9-62:20
204            android:name="com.google.firebase.auth.internal.RecaptchaActivity"
204-->[com.google.firebase:firebase-auth:21.0.1] AndroidManifest.xml:46:13-79
205            android:excludeFromRecents="true"
205-->[com.google.firebase:firebase-auth:21.0.1] AndroidManifest.xml:47:13-46
206            android:exported="true"
206-->[com.google.firebase:firebase-auth:21.0.1] AndroidManifest.xml:48:13-36
207            android:launchMode="singleTask"
207-->[com.google.firebase:firebase-auth:21.0.1] AndroidManifest.xml:49:13-44
208            android:theme="@android:style/Theme.Translucent.NoTitleBar" >
208-->[com.google.firebase:firebase-auth:21.0.1] AndroidManifest.xml:50:13-72
209            <intent-filter>
209-->[com.google.firebase:firebase-auth:21.0.1] AndroidManifest.xml:51:13-61:29
210                <action android:name="android.intent.action.VIEW" />
210-->[com.google.firebase:firebase-auth:21.0.1] AndroidManifest.xml:34:17-69
210-->[com.google.firebase:firebase-auth:21.0.1] AndroidManifest.xml:34:25-66
211
212                <category android:name="android.intent.category.DEFAULT" />
212-->src/main/AndroidManifest.xml:27:17-76
212-->src/main/AndroidManifest.xml:27:27-73
213                <category android:name="android.intent.category.BROWSABLE" />
213-->[com.google.firebase:firebase-auth:21.0.1] AndroidManifest.xml:37:17-78
213-->[com.google.firebase:firebase-auth:21.0.1] AndroidManifest.xml:37:27-75
214
215                <data
215-->[com.google.firebase:firebase-auth:21.0.1] AndroidManifest.xml:39:17-42:51
216                    android:host="firebase.auth"
216-->[com.google.firebase:firebase-auth:21.0.1] AndroidManifest.xml:40:21-49
217                    android:path="/"
217-->[com.google.firebase:firebase-auth:21.0.1] AndroidManifest.xml:41:21-37
218                    android:scheme="recaptcha" />
218-->[com.google.firebase:firebase-auth:21.0.1] AndroidManifest.xml:42:21-48
219            </intent-filter>
220        </activity>
221
222        <service
222-->[com.google.firebase:firebase-auth:21.0.1] AndroidManifest.xml:64:9-73:19
223            android:name="com.google.firebase.auth.api.fallback.service.FirebaseAuthFallbackService"
223-->[com.google.firebase:firebase-auth:21.0.1] AndroidManifest.xml:65:13-101
224            android:enabled="true"
224-->[com.google.firebase:firebase-auth:21.0.1] AndroidManifest.xml:66:13-35
225            android:exported="false" >
225-->[com.google.firebase:firebase-auth:21.0.1] AndroidManifest.xml:67:13-37
226            <intent-filter>
226-->[com.google.firebase:firebase-auth:21.0.1] AndroidManifest.xml:68:13-72:29
227                <action android:name="com.google.firebase.auth.api.gms.service.START" />
227-->[com.google.firebase:firebase-auth:21.0.1] AndroidManifest.xml:69:17-89
227-->[com.google.firebase:firebase-auth:21.0.1] AndroidManifest.xml:69:25-86
228
229                <category android:name="android.intent.category.DEFAULT" />
229-->src/main/AndroidManifest.xml:27:17-76
229-->src/main/AndroidManifest.xml:27:27-73
230            </intent-filter>
231        </service>
232
233        <provider
233-->[com.google.firebase:firebase-common:20.0.0] AndroidManifest.xml:26:9-31:39
234            android:name="com.google.firebase.provider.FirebaseInitProvider"
234-->[com.google.firebase:firebase-common:20.0.0] AndroidManifest.xml:27:13-77
235            android:authorities="com.application.NammudeVipani.firebaseinitprovider"
235-->[com.google.firebase:firebase-common:20.0.0] AndroidManifest.xml:28:13-72
236            android:directBootAware="true"
236-->[com.google.firebase:firebase-common:20.0.0] AndroidManifest.xml:29:13-43
237            android:exported="false"
237-->[com.google.firebase:firebase-common:20.0.0] AndroidManifest.xml:30:13-37
238            android:initOrder="100" />
238-->[com.google.firebase:firebase-common:20.0.0] AndroidManifest.xml:31:13-36
239
240        <receiver
240-->[com.google.android.gms:play-services-measurement:19.0.2] AndroidManifest.xml:29:9-33:20
241            android:name="com.google.android.gms.measurement.AppMeasurementReceiver"
241-->[com.google.android.gms:play-services-measurement:19.0.2] AndroidManifest.xml:30:13-85
242            android:enabled="true"
242-->[com.google.android.gms:play-services-measurement:19.0.2] AndroidManifest.xml:31:13-35
243            android:exported="false" >
243-->[com.google.android.gms:play-services-measurement:19.0.2] AndroidManifest.xml:32:13-37
244        </receiver>
245
246        <service
246-->[com.google.android.gms:play-services-measurement:19.0.2] AndroidManifest.xml:35:9-38:40
247            android:name="com.google.android.gms.measurement.AppMeasurementService"
247-->[com.google.android.gms:play-services-measurement:19.0.2] AndroidManifest.xml:36:13-84
248            android:enabled="true"
248-->[com.google.android.gms:play-services-measurement:19.0.2] AndroidManifest.xml:37:13-35
249            android:exported="false" />
249-->[com.google.android.gms:play-services-measurement:19.0.2] AndroidManifest.xml:38:13-37
250        <service
250-->[com.google.android.gms:play-services-measurement:19.0.2] AndroidManifest.xml:39:9-43:72
251            android:name="com.google.android.gms.measurement.AppMeasurementJobService"
251-->[com.google.android.gms:play-services-measurement:19.0.2] AndroidManifest.xml:40:13-87
252            android:enabled="true"
252-->[com.google.android.gms:play-services-measurement:19.0.2] AndroidManifest.xml:41:13-35
253            android:exported="false"
253-->[com.google.android.gms:play-services-measurement:19.0.2] AndroidManifest.xml:42:13-37
254            android:permission="android.permission.BIND_JOB_SERVICE" />
254-->[com.google.android.gms:play-services-measurement:19.0.2] AndroidManifest.xml:43:13-69
255
256        <receiver android:name="com.razorpay.RzpTokenReceiver" >
256-->[com.razorpay:checkout:1.6.10] AndroidManifest.xml:12:9-16:20
256-->[com.razorpay:checkout:1.6.10] AndroidManifest.xml:12:19-63
257            <intent-filter>
257-->[com.razorpay:checkout:1.6.10] AndroidManifest.xml:13:13-15:29
258                <action android:name="rzp.device_token.share" />
258-->[com.razorpay:checkout:1.6.10] AndroidManifest.xml:14:17-65
258-->[com.razorpay:checkout:1.6.10] AndroidManifest.xml:14:25-62
259            </intent-filter>
260        </receiver>
261
262        <activity
262-->[com.google.android.gms:play-services-auth:17.0.0] AndroidManifest.xml:23:9-27:75
263            android:name="com.google.android.gms.auth.api.signin.internal.SignInHubActivity"
263-->[com.google.android.gms:play-services-auth:17.0.0] AndroidManifest.xml:24:13-93
264            android:excludeFromRecents="true"
264-->[com.google.android.gms:play-services-auth:17.0.0] AndroidManifest.xml:25:13-46
265            android:exported="false"
265-->[com.google.android.gms:play-services-auth:17.0.0] AndroidManifest.xml:26:13-37
266            android:theme="@android:style/Theme.Translucent.NoTitleBar" />
266-->[com.google.android.gms:play-services-auth:17.0.0] AndroidManifest.xml:27:13-72
267        <!--
268            Service handling Google Sign-In user revocation. For apps that do not integrate with
269            Google Sign-In, this service will never be started.
270        -->
271        <service
271-->[com.google.android.gms:play-services-auth:17.0.0] AndroidManifest.xml:33:9-36:110
272            android:name="com.google.android.gms.auth.api.signin.RevocationBoundService"
272-->[com.google.android.gms:play-services-auth:17.0.0] AndroidManifest.xml:34:13-89
273            android:exported="true"
273-->[com.google.android.gms:play-services-auth:17.0.0] AndroidManifest.xml:35:13-36
274            android:permission="com.google.android.gms.auth.api.signin.permission.REVOCATION_NOTIFICATION" />
274-->[com.google.android.gms:play-services-auth:17.0.0] AndroidManifest.xml:36:13-107
275
276        <activity
276-->[com.google.android.gms:play-services-base:17.1.0] AndroidManifest.xml:23:9-26:75
277            android:name="com.google.android.gms.common.api.GoogleApiActivity"
277-->[com.google.android.gms:play-services-base:17.1.0] AndroidManifest.xml:24:13-79
278            android:exported="false"
278-->[com.google.android.gms:play-services-base:17.1.0] AndroidManifest.xml:25:13-37
279            android:theme="@android:style/Theme.Translucent.NoTitleBar" />
279-->[com.google.android.gms:play-services-base:17.1.0] AndroidManifest.xml:26:13-72
280
281        <meta-data
281-->[com.google.android.gms:play-services-basement:17.1.0] AndroidManifest.xml:23:9-25:69
282            android:name="com.google.android.gms.version"
282-->[com.google.android.gms:play-services-basement:17.1.0] AndroidManifest.xml:24:13-58
283            android:value="@integer/google_play_services_version" />
283-->[com.google.android.gms:play-services-basement:17.1.0] AndroidManifest.xml:25:13-66
284
285        <service
285-->[com.google.android.datatransport:transport-runtime:3.0.0] AndroidManifest.xml:26:9-30:19
286            android:name="com.google.android.datatransport.runtime.scheduling.jobscheduling.JobInfoSchedulerService"
286-->[com.google.android.datatransport:transport-runtime:3.0.0] AndroidManifest.xml:27:13-117